Using local PostgreSQL database connection
Storage selection: NODE_ENV=development, DATABASE_URL=set
Using DatabaseStorage
Using memory store for sessions in development mode
Demo data initialized successfully
5:20:51 PM [express] serving on port 3002
✅ Server successfully listening on port 3002
✅ Frontend should be accessible at http://localhost:3002
✅ API should be accessible at http://localhost:3002/api
5:20:52 PM [express] GET /api/health 200 in 1ms :: {"status":"ok","timestamp":"2025-07-30T21:20:52.9…
✅ Server self-test successful: 200
5:20:54 PM [express] GET /api/health 200 in 0ms :: {"status":"ok","timestamp":"2025-07-30T21:20:54.4…
5:22:42 PM [express] GET /api/auth/user 401 in 5ms :: {"error":"Authentication required"}
Development login successful for: rajan@quikpik.io
5:22:45 PM [express] POST /api/auth/login 200 in 2ms :: {"success":true,"user":{"id":1,"email":"raja…
5:22:45 PM [express] GET /api/auth/user 304 in 1ms :: {"user":{"id":1,"email":"rajan@quikpik.io","fi…
5:22:45 PM [express] GET /api/wallet 401 in 2ms :: {"error":"User organization not found"}
5:22:45 PM [express] GET /api/orders 304 in 18ms :: {"orders":[{"id":11,"organizationId":1,"shipstat…
5:22:45 PM [express] GET /api/orders/all 304 in 20ms :: {"orders":[{"id":11,"organizationId":1,"ship…
5:22:45 PM [express] GET /api/organizations 304 in 20ms :: [{"id":2,"name":"Demo E-commerce Store","…
5:22:45 PM [express] GET /api/auth/user 304 in 0ms :: {"user":{"id":1,"email":"rajan@quikpik.io","fi…
5:22:45 PM [express] GET /api/wallet 401 in 1ms :: {"error":"User organization not found"}
5:22:45 PM [express] GET /api/orders 304 in 2ms :: {"orders":[{"id":11,"organizationId":1,"shipstati…
5:22:45 PM [express] GET /api/orders/all 304 in 2ms :: {"orders":[{"id":11,"organizationId":1,"ships…
5:22:45 PM [express] GET /api/organizations 304 in 3ms :: [{"id":2,"name":"Demo E-commerce Store","s…
5:22:48 PM [express] GET /api/auth/user 304 in 1ms :: {"user":{"id":1,"email":"rajan@quikpik.io","fi…
5:22:48 PM [express] GET /api/wallet 401 in 3ms :: {"error":"User organization not found"}
5:22:48 PM [express] GET /api/orders 304 in 5ms :: {"orders":[{"id":11,"organizationId":1,"shipstati…
5:22:48 PM [express] GET /api/orders/all 304 in 3ms :: {"orders":[{"id":11,"organizationId":1,"ships…
5:22:48 PM [express] GET /api/organizations 304 in 9ms :: [{"id":2,"name":"Demo E-commerce Store","s…
5:23:46 PM [express] GET /api/auth/user 304 in 2ms :: {"user":{"id":1,"email":"rajan@quikpik.io","fi…
5:23:46 PM [express] GET /api/wallet 401 in 1ms :: {"error":"User organization not found"}
5:23:46 PM [express] GET /api/orders 304 in 13ms :: {"orders":[{"id":11,"organizationId":1,"shipstat…
5:23:46 PM [express] GET /api/orders/all 304 in 13ms :: {"orders":[{"id":11,"organizationId":1,"ship…
5:23:46 PM [express] GET /api/organizations 304 in 14ms :: [{"id":2,"name":"Demo E-commerce Store","…
